<?xml version="1.0" encoding="UTF-8"?>
<testsuite name="br.com.udemy.webfluxcourse.service.UserServiceTest" tests="1" skipped="0" failures="0" errors="0" timestamp="2023-12-23T11:35:50" hostname="debian" time="1.262">
  <properties/>
  <testcase name="save()" classname="br.com.udemy.webfluxcourse.service.UserServiceTest" time="1.262"/>
  <system-out><![CDATA[]]></system-out>
  <system-err><![CDATA[WARNING: A Java agent has been loaded dynamically (/home/rathek/.gradle/caches/modules-2/files-2.1/net.bytebuddy/byte-buddy-agent/1.14.8/ae6ebe485f3bcd0a1e20241488a32e6400a501ef/byte-buddy-agent-1.14.8.jar)
WARNING: If a serviceability tool is in use, please run with -XX:+EnableDynamicAgentLoading to hide this warning
WARNING: If a serviceability tool is not in use, please run with -Djdk.instrument.traceUsage for more information
WARNING: Dynamic loading of agents will be disallowed by default in a future release
]]></system-err>
</testsuite>
